# spike-e2e.test.ts v2（Phase 1/4 寄せ実装）実走ログ — brain-2 docker, 2026-05-12
# vitest v3.2.4 / 12 tests / 134s / 末尾の "Timeout calling onTaskUpdate" は console.log 過多の RPC timeout（無害）

############### Underscore.string 347_1 (startsWith) ###############
  changed nodes=2  fn units=[_s.startsWith, _s.endsWith]  stmt units=[なし]  deps=[jquery.min.js]
  --- fn unit: _s.startsWith ---
    liftDeps=[makeString,slice]  params=[str,starts,position]  setup 104503 / slow 695 / fast 692 chars
    checkEquivalence: verdict=equal (中身あり ✓)
      observations: exception=not_applicable,return_value=equal,interaction_trace=not_applicable,dom_mutation=not_applicable,argument_mutation=equal,external_observation=equal
      return_value slow="["true"×8]" fast="["true"×8]"
    prune: verdict=pruned  iterations=200/200  nodes 152->144
      pattern_code: __HOLE__ = function (makeString, slice, str, starts, position) { "$P0"; var __r = (function(){ starts = String(starts); position = position == "$P2" ? 0 : Math.min(position < 0 ? 0 : +position || 0, str.length); return makeString(str).slice(position, starts.length + position) == starts; }).call("$P3"); __OBS.push(...); return __r; };  workload = for(i<=3){ _.str.startsWith('image.gif','image'); _.str.startsWith('.vimrc','vim',1); }
      → 本体保持（incidental だけ $P*）
  --- fn unit: _s.endsWith ---
    liftDeps=[makeString,slice]  params=[str,ends,position]  setup 104501 / slow 706 / fast 703 chars
    checkEquivalence: verdict=equal (vacuous: workload がこの fn を呼ばない → 実パイプラインなら Phase 2 で DROP)
      return_value slow="[]" fast="[]"  → prune スキップ

############### jQuery 367 (index) ###############
  changed nodes=2  fn units=[jQuery.fn.index]  stmt units=[なし]  deps=[なし]
  --- fn unit: jQuery.fn.index ---
    liftDeps=[jQuery]  params=[elem]  setup 236197 / slow 868 / fast 867 chars
    checkEquivalence: verdict=equal (中身あり ✓)
      observations: exception=not_applicable,return_value=equal,...,argument_mutation=not_applicable,external_observation=equal
      return_value slow="["-1","0","1"×3]" fast="["-1","0","1"×3]"
    prune: verdict=pruned  iterations=171/200  nodes 149->123
      pattern_code: __HOLE__ = function (jQuery, elem) { "$P1"; var __r = (function(){ if ("$P5" || "$P3") { return jQuery.inArray(this[0], elem ? "$P4" : this.parent().children()); } $P0; }).call(this); __OBS.push(...); return __r; };  workload = for(i<3){ jQuery("<div/>").index(); jQuery("#foo").index(); jQuery('#bar').index(); }
      → 本体保持（変更行 jQuery.inArray(...) 残る、no-arg 分岐は $P0 に抽象化）

############### jQuery 248 (html / rnoInnerhtml) ###############
  changed nodes=2  fn units=[jQuery.fn.html]  stmt units=[/*!]  deps=[なし]
  --- fn unit: jQuery.fn.html ---
    liftDeps=[rinlinejQuery,rnocache,jQuery,rleadingWhitespace,wrapMap,rtagName,rxhtmlTag,rnoInnerhtml]  params=[value]  setup 246307 / slow 1628 / fast 1632 chars
    checkEquivalence: verdict=equal (中身あり ✓)
      observations: exception=not_applicable,return_value=equal,...,external_observation=equal
      return_value slow="[{"0":{},"length":1}×...]" fast="同左"
    prune: verdict=pruned  iterations=156/200  nodes 289->126
      pattern_code: __HOLE__ = function (rinlinejQuery, rnocache, jQuery, rleadingWhitespace, wrapMap, rtagName, rxhtmlTag, rnoInnerhtml, value) { "$P5"; var __r = (function(){ if (value === undefined) $P1; else if ("$P8" && !rnocache.test(value) && "$P3" && "$P4") $P0; else if (jQuery.isFunction(value)) $P2; else { "$P6"; } return this; }).call(this); ... };  workload = for(i<3){ jQuery("<div/>").html('<embed ... src="http://www.youtube.com/v/...">'); }
      → 変更点（!rnocache.test(value) のガード）は保持。分岐の中身は $P* に抽象化（観測が浅い＝DOM 内容を見てないので。観測の限界、別 TODO）。new var rnoInnerhtml は liftDeps に拾えてる

############### Underscore 1222 (values) ###############
  changed nodes=1  fn units=[_.values]  stmt units=[なし]  deps=[jquery.min.js]
  --- fn unit: _.values ---
    liftDeps=[_,push]  params=[obj]  setup 126980 / slow 506 / fast 542 chars
    checkEquivalence: verdict=equal (中身あり ✓)
      observations: ...,return_value=equal,...,argument_mutation=equal,external_observation=equal
      return_value slow="[[0..99],...]" fast="同左"
    prune: verdict=pruned  iterations=100/200  nodes 118->110
      pattern_code: __HOLE__ = function (_, push, obj) { "$P0"; var __r = (function(){ var values = []; for (var key in obj) if (_.has(obj, key)) values.push(obj[key]); return values; }).call("$P2"); ... };  workload = for(i<3){ _.values(map); }
      → 本体保持

############### Ember 3174 (assert) ###############
  changed nodes=1  fn units=[Ember.assert]  stmt units=[なし]  deps=[jquery.min.js,handlebars.js]
  --- fn unit: Ember.assert ---
    liftDeps=[]  params=[desc,test]  setup 1098395 / slow 609 / fast 626 chars
    [stderr] Assertion failed: Assertion is thrown （×2）  ← __HOLE__ ガードのおかげで bootstrap は通り、workload が assert を呼んでる
    checkEquivalence: verdict=error
      observations: exception=not_applicable,return_value=equal,...,argument_mutation=error("one or more argument snapshots could not be serialized"),external_observation=equal
      return_value slow="[null,null,null]" fast="[null,null,null]"
      → 候補構築は OK（fn 特定・hole・実行 OK、return_value/external は equal）。argument_mutation oracle が Ember 引数を serialize できず error → 全体 error。= 別 TODO #3（equiv-checker robustness）。これが直れば equal（ただし assert は undefined を返すので return_value 証拠は弱い）

############### Ember 4329_1 (cacheFor) ###############
  changed nodes=3  fn units=[Ember.cacheFor]  stmt units=[Ember.VERSION = …]  deps=[jquery.min.js,handlebars.js]
  --- fn unit: Ember.cacheFor ---
    liftDeps=[META_KEY]  params=[obj,key]  setup 1415558 / slow 541 / fast 517 chars
    checkEquivalence: verdict=error
      observations: ...,return_value=equal,...,argument_mutation=error,external_observation=equal
      return_value slow="[null,null,null]" fast="[null,null,null]"
      → version bump は stmt unit に正しく落ちた。cacheFor は特定・hole・lift(META_KEY)・実行 OK。argument_mutation oracle が Ember 引数で error → 全体 error。= 別 TODO #3。

############### Ember 5547 (computed set/_set, co-evolve) ###############
  changed nodes=2  fn units=[ComputedPropertyPrototype.set]  stmt units=[Ember.VERSION = …]  deps=[jquery.min.js,handlebars.js]
  --- fn unit: ComputedPropertyPrototype.set ---
    liftDeps=[metaFor,EmberError,inspect,UNDEFINED,defineProperty,set,propertyWillChange,addDependentKeys,propertyDidChange]  params=[obj,keyName,value]  setup 2255557 / slow 2372 / fast 711 chars
    checkEquivalence: verdict=not_equal
      observations: ...,return_value=not_equal,...,argument_mutation=error,external_observation=equal
      return_value slow="["\"Marija Selakovic\"",null,null]" fast="[null,null,null]"
      → lexical-chain lift は効いた（metaFor 等 9 個を lift、第1回は []）+ setup=after-lib で _set も存在 = 候補構築の課題は解消。
        だが「after の set ラッパは this._set(...) を呼ぶだけで return しない」→ set の戻り値が "セット値" → undefined に変わってる = 観測の over-observation
        （Ember の public API Ember.set() は desc.set() の戻り値を見ないので実害なしの incidental 差。我々の __OBS が set の戻り値を記録してるので拾ってしまう）→ not_equal → 保守的に DROP。recall 限界（extract-method 系で incidental な戻り値が変わるケース）。threats に明記。

############### Ember 4158 (元: jQuery 非互換 dataset バグ) ###############
  changed nodes=5  fn units=[Ember.generateGuid, Ember.guidFor, Class]  stmt units=[Ember.VERSION = … / (function () {]  deps=[jquery.min.js,handlebars.js]
  ※ spike の depSources が jquery を vendored 1.7 に差し替えてるので lib は普通にロードできた = 「dataset-broken」ではなくなる
  --- Ember.generateGuid --- liftDeps=[uuid,GUID_DESC,o_defineProperty,GUID_KEY]  → error / return_value slow="[]" fast="[]"（workload 非到達、本来 DROP だが argument_mutation=error が先）
  --- Ember.guidFor --- liftDeps=[numberCache,stringCache,uuid,GUID_KEY,GUID_DESC,o_defineProperty]  → error / return_value slow="["ember146"×3]" fast="["ember146"×3]"（= return_value は equal！ argument_mutation oracle の error で全体 error。別 TODO #3）
  --- Class --- liftDeps=[wasApplied,Class,o_defineProperty,GUID_KEY,undefinedDescriptor,meta,initMixins,reopen,initProperties,Mixin,o_create,indexOf,set,MANDATORY_SETTER,finishPartial,finishChains,sendEvent,nullDescriptor]  → error / return_value slow="[]" fast="[]"（workload 非到達）
  → 「dataset-broken」じゃない。guidFor は中身的に動いてる（lift 6 個・実行・consistent guids）。argument_mutation oracle 待ち。

############### Ember 4263 (handlebars <script src> 欠落) ###############
  changed nodes=3  fn units=[なし]  stmt units=[Ember.VERSION = … / element = … / Ember.merge(preRender, {]  deps=[jquery.min.js,handlebars.js(forced)]
  → handlebars 強制 load で lib はロードできた（dataset-broken じゃない）。変更は全部 stmt-level（version bump / element / Ember.merge(preRender, {...})）→ fn unit なし → Phase 4 の stmt-unit hole-and-refill or embedded fallback。spike は正しくそう分類。

############### Ember 9991 (micro-reconstruct: lib に通してない) ###############
  changed nodes=2  fn units=[なし]  stmt units=[Ember.VERSION = … / var hasThisCache = …]  deps=[jquery.min.js,handlebars.js]
  → lib 側の変更は version bump + 新 module var hasThisCache のみ、それを使う named fn の変更は無し → fn unit なし。
    = 「benchmark が最適化を inline <script> に micro-reconstruct してて lib に通してない」の証左。DROP が正解（threats #3）。spike は正しくそう分類。

############### Underscore.string 347_2 (easy sanity) ###############
  changed nodes=5  fn units=[_s.startsWith, _s.endsWith]  stmt units=[なし]  deps=[jquery.min.js]
  --- _s.startsWith --- equal (中身あり ✓) ["true"×8] → pruned 152->140  本体ほぼ保持（1 文 "$P2" に抽象化）
  --- _s.endsWith --- equal (vacuous) [] → DROP skip

############### Underscore 1223 (forEach, easy sanity) ###############
  changed nodes=1  fn units=[_.forEach]  stmt units=[なし]  deps=[jquery.min.js]
  --- fn unit: _.forEach ---
    liftDeps=[nativeForEach,breaker,_]  params=[obj,iterator,context]  setup 127590 / slow 878 / fast 911 chars   ← 第1回は liftDeps=[] で error。今回 lexical-chain lift で nativeForEach/breaker を拾えた + __HOLE__ ガードで bootstrap-invocation 解消
    checkEquivalence: verdict=equal (中身あり ✓)
      observations: ...,return_value=equal,...,argument_mutation=equal,external_observation=equal
      return_value slow="[null,null,null]" fast="[null,null,null]"   ← each は undefined を返すので return_value 証拠は弱いが、argument_mutation/external が constraint
    prune: verdict=pruned  iterations=200/200  nodes 186->127
      pattern_code: __HOLE__ = function (nativeForEach, breaker, _, obj, iterator, context) { "$P2"; var __r = (function(){ if ("$P4") return; if ("$P5") $P1; else if ("$P6") $P0; else { for (var key in obj) { if (_.has(obj, key)) { if ("$P7"($P8, obj[key], key, obj) === $P9) $P10; } } } }).call("$P11"); ... };
      → object 分岐（for in + _.has）の構造を保持 = before≠after の核を残してる（after は _.keys + indexed for）。iterator.call(...) は $P7($P8,...) に抽象化されたが side-effect は他 oracle で観測 → over-prune じゃない

⎯⎯⎯ Test Files 1 passed (1) / Tests 12 passed (12) / Errors 1 (vitest worker RPC timeout, 無害) ⎯⎯⎯
